[debug] [2023-06-09T06:38:02.679Z] ----------------------------------------------------------------------
[debug] [2023-06-09T06:38:02.682Z] Command:       /usr/local/bin/firebase /Users/shivanshuchauhan/.cache/firebase/tools/lib/node_modules/firebase-tools/lib/bin/firebase init
[debug] [2023-06-09T06:38:02.683Z] CLI Version:   12.3.1
[debug] [2023-06-09T06:38:02.683Z] Platform:      darwin
[debug] [2023-06-09T06:38:02.683Z] Node Version:  v16.16.0
[debug] [2023-06-09T06:38:02.685Z] Time:          Fri Jun 09 2023 12:08:02 GMT+0530 (India Standard Time)
[debug] [2023-06-09T06:38:02.686Z] ----------------------------------------------------------------------
[debug] 
[debug] [2023-06-09T06:38:02.702Z] > command requires scopes: ["email","openid","https://www.googleapis.com/auth/cloudplatformprojects.readonly","https://www.googleapis.com/auth/firebase","https://www.googleapis.com/auth/cloud-platform"]
[debug] [2023-06-09T06:38:02.704Z] > authorizing via signed-in user (cshivanshu401@gmail.com)
[info] 
     ######## #### ########  ######## ########     ###     ######  ########
     ##        ##  ##     ## ##       ##     ##  ##   ##  ##       ##
     ######    ##  ########  ######   ########  #########  ######  ######
     ##        ##  ##    ##  ##       ##     ## ##     ##       ## ##
     ##       #### ##     ## ######## ########  ##     ##  ######  ########

You're about to initialize a Firebase project in this directory:

  /Users/shivanshuchauhan/photo-gallery-app

[info] 
=== Project Setup
[info] 
[info] First, let's associate this project directory with a Firebase project.
[info] You can create multiple project aliases by running firebase use --add, 
[info] but for now we'll just set up a default project.
[info] 
[info] i  If you want to create a project in a Google Cloud organization or folder, please use "firebase projects:create" instead, and return to this command when you've created the project. 
[debug] [2023-06-09T06:38:35.486Z] > refreshing access token with scopes: []
[debug] [2023-06-09T06:38:35.493Z] >>> [apiv2][query] POST https://www.googleapis.com/oauth2/v3/token [none]
[debug] [2023-06-09T06:38:35.494Z] >>> [apiv2][body] POST https://www.googleapis.com/oauth2/v3/token [omitted]
[debug] [2023-06-09T06:38:35.857Z] <<< [apiv2][status] POST https://www.googleapis.com/oauth2/v3/token 200
[debug] [2023-06-09T06:38:35.858Z] <<< [apiv2][body] POST https://www.googleapis.com/oauth2/v3/token [omitted]
[debug] [2023-06-09T06:38:35.877Z] >>> [apiv2][query] POST https://cloudresourcemanager.googleapis.com/v1/projects [none]
[debug] [2023-06-09T06:38:35.878Z] >>> [apiv2][body] POST https://cloudresourcemanager.googleapis.com/v1/projects {"projectId":"shivanshu43-photo-gallery-app","name":"shivanshu43-photo-gallery-app"}
[debug] [2023-06-09T06:38:38.146Z] <<< [apiv2][status] POST https://cloudresourcemanager.googleapis.com/v1/projects 200
[debug] [2023-06-09T06:38:38.146Z] <<< [apiv2][body] POST https://cloudresourcemanager.googleapis.com/v1/projects {"name":"operations/cp.7658510261644487707"}
[debug] [2023-06-09T06:38:38.148Z] >>> [apiv2][query] GET https://cloudresourcemanager.googleapis.com/v1/operations/cp.7658510261644487707 [none]
[debug] [2023-06-09T06:38:40.048Z] <<< [apiv2][status] GET https://cloudresourcemanager.googleapis.com/v1/operations/cp.7658510261644487707 200
[debug] [2023-06-09T06:38:40.049Z] <<< [apiv2][body] GET https://cloudresourcemanager.googleapis.com/v1/operations/cp.7658510261644487707 {"name":"operations/cp.7658510261644487707","metadata":{"@type":"type.googleapis.com/google.cloudresourcemanager.v1.ProjectCreationStatus","ready":true},"done":true,"error":{"code":9,"message":"Callers must accept Terms of Service","details":[{"@type":"type.googleapis.com/google.rpc.PreconditionFailure","violations":[{"type":"TOS","subject":"cloud","description":"Callers must accept Terms of Service"}]}]}}
[debug] [2023-06-09T06:38:40.333Z] FirebaseError: Callers must accept Terms of Service
    at OperationPoller.poll (/Users/shivanshuchauhan/.cache/firebase/tools/lib/node_modules/firebase-tools/lib/operation-poller.js:24:19)
    at processTicksAndRejections (node:internal/process/task_queues:96:5)
    at async createCloudProject (/Users/shivanshuchauhan/.cache/firebase/tools/lib/node_modules/firebase-tools/lib/management/projects.js:186:29)
    at async createFirebaseProjectAndLog (/Users/shivanshuchauhan/.cache/firebase/tools/lib/node_modules/firebase-tools/lib/management/projects.js:45:9)
    at async promptAndCreateNewProject (/Users/shivanshuchauhan/.cache/firebase/tools/lib/node_modules/firebase-tools/lib/init/features/project.js:32:12)
    at async doSetup (/Users/shivanshuchauhan/.cache/firebase/tools/lib/node_modules/firebase-tools/lib/init/features/project.js:88:27)
    at async init (/Users/shivanshuchauhan/.cache/firebase/tools/lib/node_modules/firebase-tools/lib/init/index.js:37:9)
[error] 
[error] Error: Failed to create project. See firebase-debug.log for more info.
[debug] [2023-06-09T06:39:35.204Z] ----------------------------------------------------------------------
[debug] [2023-06-09T06:39:35.207Z] Command:       /usr/local/bin/firebase /Users/shivanshuchauhan/.cache/firebase/tools/lib/node_modules/firebase-tools/lib/bin/firebase init
[debug] [2023-06-09T06:39:35.208Z] CLI Version:   12.3.1
[debug] [2023-06-09T06:39:35.208Z] Platform:      darwin
[debug] [2023-06-09T06:39:35.208Z] Node Version:  v16.16.0
[debug] [2023-06-09T06:39:35.214Z] Time:          Fri Jun 09 2023 12:09:35 GMT+0530 (India Standard Time)
[debug] [2023-06-09T06:39:35.215Z] ----------------------------------------------------------------------
[debug] 
[debug] [2023-06-09T06:39:35.231Z] > command requires scopes: ["email","openid","https://www.googleapis.com/auth/cloudplatformprojects.readonly","https://www.googleapis.com/auth/firebase","https://www.googleapis.com/auth/cloud-platform"]
[debug] [2023-06-09T06:39:35.233Z] > authorizing via signed-in user (cshivanshu401@gmail.com)
[info] 
     ######## #### ########  ######## ########     ###     ######  ########
     ##        ##  ##     ## ##       ##     ##  ##   ##  ##       ##
     ######    ##  ########  ######   ########  #########  ######  ######
     ##        ##  ##    ##  ##       ##     ## ##     ##       ## ##
     ##       #### ##     ## ######## ########  ##     ##  ######  ########

You're about to initialize a Firebase project in this directory:

  /Users/shivanshuchauhan/photo-gallery-app

